2009/05/21 18:56:54 [error] [exception.CException] exception 'CException' with message 'Property "PhaHe.TEXT" is not defined.' in D:\projects\yii-1.0.5.r1018\framework\base\CComponent.php:120
Stack trace:
#0 D:\projects\yii-1.0.5.r1018\framework\db\ar\CActiveRecord.php(418): CComponent->__get('TEXT')
#1 D:\projects\yii-1.0.5.r1018\framework\web\helpers\CHtml.php(1092): CActiveRecord->__get('TEXT')
#2 D:\projects\yii-1.0.5.r1018\demos\vngp\protected\views\phaHe\_form.php(13): CHtml::activeTextArea(Object(PhaHe), 'TEXT', Array)
#3 D:\projects\yii-1.0.5.r1018\framework\web\CBaseController.php(119): require('D:\projects\yii...')
#4 D:\projects\yii-1.0.5.r1018\framework\web\CBaseController.php(88): CBaseController->renderInternal('D:\projects\yii...', Array, true)
#5 D:\projects\yii-1.0.5.r1018\framework\web\CController.php(674): CBaseController->renderFile('D:\projects\yii...', Array, true)
#6 D:\projects\yii-1.0.5.r1018\demos\vngp\protected\views\phaHe\create.php(11): CController->renderPartial('_form', Array)
#7 D:\projects\yii-1.0.5.r1018\framework\web\CBaseController.php(119): require('D:\projects\yii...')
#8 D:\projects\yii-1.0.5.r1018\framework\web\CBaseController.php(88): CBaseController->renderInternal('D:\projects\yii...', Array, true)
#9 D:\projects\yii-1.0.5.r1018\framework\web\CController.php(674): CBaseController->renderFile('D:\projects\yii...', Array, true)
#10 D:\projects\yii-1.0.5.r1018\framework\web\CController.php(613): CController->renderPartial('create', Array, true)
#11 D:\projects\yii-1.0.5.r1018\demos\vngp\protected\controllers\PhaHeController.php(74): CController->render('create', Array)
#12 D:\projects\yii-1.0.5.r1018\framework\web\actions\CInlineAction.php(32): PhaHeController->actionCreate()
#13 D:\projects\yii-1.0.5.r1018\framework\web\CController.php(273): CInlineAction->run()
#14 D:\projects\yii-1.0.5.r1018\framework\web\filters\CFilterChain.php(129): CController->runAction(Object(CInlineAction))
#15 D:\projects\yii-1.0.5.r1018\framework\web\filters\CFilter.php(41): CFilterChain->run()
#16 D:\projects\yii-1.0.5.r1018\framework\web\CController.php(922): CFilter->filter(Object(CFilterChain))
#17 D:\projects\yii-1.0.5.r1018\framework\web\filters\CInlineFilter.php(59): CController->filterAccessControl(Object(CFilterChain))
#18 D:\projects\yii-1.0.5.r1018\framework\web\filters\CFilterChain.php(126): CInlineFilter->filter(Object(CFilterChain))
#19 D:\projects\yii-1.0.5.r1018\framework\web\CController.php(256): CFilterChain->run()
#20 D:\projects\yii-1.0.5.r1018\framework\web\CController.php(230): CController->runActionWithFilters(Object(CInlineAction), Array)
#21 D:\projects\yii-1.0.5.r1018\framework\web\CWebApplication.php(332): CController->run('create')
#22 D:\projects\yii-1.0.5.r1018\framework\web\CWebApplication.php(120): CWebApplication->runController('phahe/create')
#23 D:\projects\yii-1.0.5.r1018\framework\base\CApplication.php(133): CWebApplication->processRequest()
#24 D:\projects\yii-1.0.5.r1018\demos\vngp\index.php(11): CApplication->run()
#25 {main} REQUEST_URI=/demos/vngp/index.php?r=phahe/create
